<?xml version="1.0" encoding="UTF-8"?>
<!-- Generated by org.testng.reporters.JUnitReportReporter -->
<testsuite hostname="LAPTOP-I43PEHL8" failures="0" tests="1" name="Core.TestKh" time="0.178" errors="0" timestamp="2022-10-10T20:39:33 IDT" skipped="0">
  <testcase classname="Core.TestKh" name="beforeSuite" time="0.178"/>
  <system-out/>
</testsuite> <!-- Core.TestKh -->
