<?xml version="1.0" encoding="UTF-8"?>
<!-- Generated by org.testng.reporters.JUnitReportReporter -->
<testsuite hostname="LAPTOP-I43PEHL8" failures="0" tests="3" name="Core.TestHotelsReservation" time="220.195" errors="0" timestamp="2022-10-17T00:34:20 IDT" skipped="0">
  <testcase classname="Core.TestHotelsReservation" name="testCsvDataString" time="72.255"/>
  <system-out/>
  <testcase classname="Core.TestHotelsReservation" name="testCsvDataString" time="75.501"/>
  <system-out/>
  <testcase classname="Core.TestHotelsReservation" name="testCsvDataString" time="72.439"/>
  <system-out/>
</testsuite> <!-- Core.TestHotelsReservation -->
