<?xml version="1.0" encoding="UTF-8"?>
<!-- Generated by org.testng.reporters.JUnitReportReporter -->
<testsuite hostname="LAPTOP-I43PEHL8" failures="0" tests="3" name="Core.TestHotelsReservation" time="158.570" errors="0" timestamp="2022-10-16T23:26:44 IDT" skipped="0">
  <testcase classname="Core.TestHotelsReservation" name="testCsvDataString" time="52.439"/>
  <system-out/>
  <testcase classname="Core.TestHotelsReservation" name="testCsvDataString" time="52.467"/>
  <system-out/>
  <testcase classname="Core.TestHotelsReservation" name="testCsvDataString" time="53.664"/>
  <system-out/>
</testsuite> <!-- Core.TestHotelsReservation -->
