<?xml version="1.0" encoding="UTF-8"?>
<!-- Generated by org.testng.reporters.JUnitReportReporter -->
<testsuite hostname="LAPTOP-I43PEHL8" failures="0" tests="3" name="Core.TestHotelsReservation" time="154.408" errors="0" timestamp="2022-10-13T13:01:41 IDT" skipped="0">
  <testcase classname="Core.TestHotelsReservation" name="testCsvDataString" time="50.567"/>
  <system-out/>
  <testcase classname="Core.TestHotelsReservation" name="testCsvDataString" time="53.708"/>
  <system-out/>
  <testcase classname="Core.TestHotelsReservation" name="testCsvDataString" time="50.133"/>
  <system-out/>
</testsuite> <!-- Core.TestHotelsReservation -->
