<?xml version="1.0" encoding="UTF-8"?>
<!-- Generated by org.testng.reporters.JUnitReportReporter -->
<testsuite hostname="LAPTOP-I43PEHL8" failures="0" tests="1" name="Core.HomePage" time="57.519" errors="0" timestamp="2022-10-12T22:01:36 IDT" skipped="0">
  <testcase classname="Core.HomePage" name="kh" time="57.519"/>
  <system-out/>
</testsuite> <!-- Core.HomePage -->
