<?xml version="1.0" encoding="UTF-8"?>
<!-- Generated by org.testng.reporters.JUnitReportReporter -->
<testsuite hostname="LAPTOP-I43PEHL8" failures="0" tests="3" name="Core.TestHotelsReservation" time="219.598" errors="0" timestamp="2022-10-13T22:30:24 IDT" skipped="0">
  <testcase classname="Core.TestHotelsReservation" name="testCsvDataString" time="73.018"/>
  <system-out/>
  <testcase classname="Core.TestHotelsReservation" name="testCsvDataString" time="72.744"/>
  <system-out/>
  <testcase classname="Core.TestHotelsReservation" name="testCsvDataString" time="73.836"/>
  <system-out/>
</testsuite> <!-- Core.TestHotelsReservation -->
