<?xml version="1.0" encoding="UTF-8"?>
<!-- Generated by org.testng.reporters.JUnitReportReporter -->
<testsuite hostname="LAPTOP-I43PEHL8" failures="0" tests="3" name="Core.TestHotelsReservation" time="156.024" errors="0" timestamp="2022-10-13T19:57:20 IDT" skipped="0">
  <testcase classname="Core.TestHotelsReservation" name="testCsvDataString" time="51.360"/>
  <system-out/>
  <testcase classname="Core.TestHotelsReservation" name="testCsvDataString" time="51.845"/>
  <system-out/>
  <testcase classname="Core.TestHotelsReservation" name="testCsvDataString" time="52.819"/>
  <system-out/>
</testsuite> <!-- Core.TestHotelsReservation -->
