<?xml version="1.0" encoding="UTF-8"?>
<!-- Generated by org.testng.reporters.JUnitReportReporter -->
<testsuite hostname="LAPTOP-I43PEHL8" failures="0" tests="2" name="com.onlinestore.testcases.SearchResultPageTest" time="41.859" errors="0" timestamp="2022-11-11T03:52:01 IST" skipped="0">
  <testcase classname="com.onlinestore.testcases.SearchResultPageTest" name="productAvailabilityTest" time="21.444"/>
  <system-out/>
  <testcase classname="com.onlinestore.testcases.SearchResultPageTest" name="productAvailabilityTest" time="20.415"/>
  <system-out/>
</testsuite> <!-- com.onlinestore.testcases.SearchResultPageTest -->
