<?xml version="1.0" encoding="UTF-8"?>
<!-- Generated by org.testng.reporters.JUnitReportReporter -->
<testsuite hostname="LAPTOP-I43PEHL8" failures="0" tests="4" name="com.onlinestore.testcases.IndexPageTest" time="32.563" errors="0" timestamp="2022-11-11T03:52:49 IST" skipped="0">
  <testcase classname="com.onlinestore.testcases.IndexPageTest" name="verifyLogo" time="4.916"/>
  <system-out/>
  <testcase classname="com.onlinestore.testcases.IndexPageTest" name="verifyTitle" time="7.309"/>
  <system-out/>
  <testcase classname="com.onlinestore.testcases.IndexPageTest" name="verifyTitle" time="9.702"/>
  <system-out/>
  <testcase classname="com.onlinestore.testcases.IndexPageTest" name="verifyLogo" time="10.636"/>
  <system-out/>
</testsuite> <!-- com.onlinestore.testcases.IndexPageTest -->
