<?xml version="1.0" encoding="UTF-8"?>
<!-- Generated by org.testng.reporters.JUnitReportReporter -->
<testsuite hostname="LAPTOP-I43PEHL8" failures="0" tests="1" name="com.onlinestore.testcases.AddToCartPageTest" time="33.968" errors="0" timestamp="2022-11-11T03:52:01 IST" skipped="0">
  <testcase classname="com.onlinestore.testcases.AddToCartPageTest" name="addToCartTest" time="33.968"/>
  <system-out/>
</testsuite> <!-- com.onlinestore.testcases.AddToCartPageTest -->
