<?xml version="1.0" encoding="UTF-8"?>
<!-- Generated by org.testng.reporters.JUnitReportReporter -->
<testsuite hostname="DESKTOP-S69R6H9" failures="0" tests="1" name="Core.Test11" time="0.062" errors="0" timestamp="2022-10-05T21:31:13 AST" skipped="0">
  <testcase classname="Core.Test11" name="testMethod" time="0.062"/>
  <system-out/>
</testsuite> <!-- Core.Test11 -->
