<?xml version="1.0" encoding="UTF-8"?>
<!-- Generated by org.testng.reporters.JUnitReportReporter -->
<testsuite hostname="DESKTOP-S69R6H9" failures="0" tests="1" name="Core.Test1" time="0.041" errors="0" timestamp="2022-10-05T16:25:59 AST" skipped="0">
  <testcase classname="Core.Test1" name="addNewBoard" time="0.041"/>
  <system-out/>
</testsuite> <!-- Core.Test1 -->
