<?xml version="1.0" encoding="UTF-8"?>
<!-- Generated by org.testng.reporters.JUnitReportReporter -->
<testsuite hostname="LAPTOP-I43PEHL8" failures="0" tests="1" name="Core.Testkh" time="0.032" errors="0" timestamp="2022-10-10T21:46:35 IDT" skipped="0">
  <testcase classname="Core.Testkh" name="testMethod" time="0.032"/>
  <system-out/>
</testsuite> <!-- Core.Testkh -->
