<?xml version="1.0" encoding="UTF-8"?>
<!-- Generated by org.testng.reporters.JUnitReportReporter -->
<testsuite hostname="DESKTOP-S69R6H9" failures="0" tests="1" name="Core.Testkh" time="0.039" errors="0" timestamp="2022-10-05T23:18:07 AST" skipped="0">
  <testcase classname="Core.Testkh" name="testMethod" time="0.039"/>
  <system-out/>
</testsuite> <!-- Core.Testkh -->
